<?xml version="1.0" encoding="UTF-8" ?>
<testsuite tests="7" failures="0" name="core.RectangleTest" time="0.033" errors="0" skipped="0">
  <properties>
[...]
</properties>
  <testcase classname="core.RectangleTest" name="testSomething2" time="0"/>
  <testcase classname="core.RectangleTest" name="test1" time="0.005"/>
  <testcase classname="core.RectangleTest" name="test2" time="0.003"/>
  <testcase classname="core.RectangleTest" name="test3" time="0.007"/>
  <testcase classname="core.RectangleTest" name="test4" time="0.003"/>
  <testcase classname="core.RectangleTest" name="DifferentPointsOrder" time="0.013"/>
  <testcase classname="core.RectangleTest" name="testOnePixelRectangle" time="0.002"/>
</testsuite>